[ 2024-06-06 15:55:04,018 ] 37 root - INFO - ********Starting the training for Q1*************
[ 2024-06-06 15:55:04,019 ] 38 root - INFO - Data Ingestion started for Q1
[ 2024-06-06 15:55:04,026 ] 49 root - INFO - Q1 data changed to two dimension
[ 2024-06-06 15:55:04,048 ] 67 root - INFO - Q1 data saved
[ 2024-06-06 15:55:04,049 ] 40 root - INFO - Data Ingestion completed for Q1
[ 2024-06-06 15:55:04,049 ] 43 root - INFO - Data scaling started for Q1
[ 2024-06-06 15:55:04,050 ] 39 root - INFO - Data loaded for Q1
[ 2024-06-06 15:55:04,068 ] 54 root - INFO - One-Hot encoding of Y for Q1 done
[ 2024-06-06 15:55:04,071 ] 64 root - INFO - Moving parameter for Q1 is [98638,186070]
[ 2024-06-06 15:55:04,072 ] 75 root - INFO - Scaling parameter for Q1 is [22,22]
[ 2024-06-06 15:55:04,084 ] 85 root - INFO - Data split for Q1 done
[ 2024-06-06 15:55:04,089 ] 97 root - INFO - Scaled data saved for Q1
[ 2024-06-06 15:55:04,089 ] 45 root - INFO - Data scaling completed for Q1
[ 2024-06-06 15:55:04,089 ] 47 root - INFO - Fetched Scaling parameter for Q1
[ 2024-06-06 15:55:04,089 ] 51 root - INFO - Model training started for Q1
[ 2024-06-06 15:55:04,192 ] 60 root - INFO - Training in progress......
[ 2024-06-06 15:55:24,030 ] 75 root - INFO - Training completed for Q1.
[ 2024-06-06 15:55:24,030 ] 76 root - INFO - Model saved at ./data/Q1/model.keras
[ 2024-06-06 15:55:24,030 ] 84 root - INFO - Evaluating model...
[ 2024-06-06 15:55:25,293 ] 100 root - INFO - Confusion Matrix:
[[19698    73    19]
 [  748 18353   132]
 [  385   576 18424]]
[ 2024-06-06 15:55:25,293 ] 101 root - INFO - Model evaluation completed for Q1.
[ 2024-06-06 15:55:25,293 ] 55 root - INFO - Model conversion started for Q1
[ 2024-06-06 15:55:25,303 ] 20 root - INFO - Model loaded from ./data/Q1/model.keras
[ 2024-06-06 15:55:25,304 ] 43 root - INFO - Model converted for Q1
[ 2024-06-06 15:55:25,304 ] 58 root - INFO - Parameter loaded for Q1
[ 2024-06-06 16:01:41,034 ] 37 root - INFO - ********Starting the training for Q1*************
[ 2024-06-06 16:01:41,034 ] 38 root - INFO - Data Ingestion started for Q1
[ 2024-06-06 16:01:41,035 ] 49 root - INFO - Q1 data changed to two dimension
[ 2024-06-06 16:01:41,046 ] 67 root - INFO - Q1 data saved
[ 2024-06-06 16:01:41,046 ] 40 root - INFO - Data Ingestion completed for Q1
[ 2024-06-06 16:01:41,046 ] 43 root - INFO - Data scaling started for Q1
[ 2024-06-06 16:01:41,048 ] 39 root - INFO - Data loaded for Q1
[ 2024-06-06 16:01:41,061 ] 54 root - INFO - One-Hot encoding of Y for Q1 done
[ 2024-06-06 16:01:41,064 ] 64 root - INFO - Moving parameter for Q1 is [98638,186070]
[ 2024-06-06 16:01:41,065 ] 75 root - INFO - Scaling parameter for Q1 is [22,22]
[ 2024-06-06 16:01:41,076 ] 85 root - INFO - Data split for Q1 done
[ 2024-06-06 16:01:41,082 ] 97 root - INFO - Scaled data saved for Q1
[ 2024-06-06 16:01:41,082 ] 45 root - INFO - Data scaling completed for Q1
[ 2024-06-06 16:01:41,082 ] 47 root - INFO - Fetched Scaling parameter for Q1
[ 2024-06-06 16:01:41,082 ] 51 root - INFO - Model training started for Q1
[ 2024-06-06 16:01:41,094 ] 60 root - INFO - Training in progress......
[ 2024-06-06 16:02:03,612 ] 75 root - INFO - Training completed for Q1.
[ 2024-06-06 16:02:03,612 ] 76 root - INFO - Model saved at ./data/Q1/model.keras
[ 2024-06-06 16:02:03,612 ] 84 root - INFO - Evaluating model...
[ 2024-06-06 16:02:04,933 ] 100 root - INFO - Confusion Matrix:
[[19681    88    21]
 [  715 18350   168]
 [  383   550 18452]]
[ 2024-06-06 16:02:04,933 ] 101 root - INFO - Model evaluation completed for Q1.
[ 2024-06-06 16:02:04,933 ] 55 root - INFO - Model conversion started for Q1
[ 2024-06-06 16:02:04,944 ] 20 root - INFO - Model loaded from ./data/Q1/model.keras
[ 2024-06-06 16:02:04,945 ] 43 root - INFO - Model converted for Q1
[ 2024-06-06 16:02:04,945 ] 58 root - INFO - Parameter loaded for Q1
[ 2024-06-06 16:12:10,879 ] 37 root - INFO - ********Starting the training for Q1*************
[ 2024-06-06 16:12:10,879 ] 38 root - INFO - Data Ingestion started for Q1
[ 2024-06-06 16:12:10,879 ] 49 root - INFO - Q1 data changed to two dimension
[ 2024-06-06 16:12:10,882 ] 67 root - INFO - Q1 data saved
[ 2024-06-06 16:12:10,882 ] 40 root - INFO - Data Ingestion completed for Q1
[ 2024-06-06 16:12:10,882 ] 43 root - INFO - Data scaling started for Q1
[ 2024-06-06 16:12:10,882 ] 39 root - INFO - Data loaded for Q1
[ 2024-06-06 16:12:10,884 ] 54 root - INFO - One-Hot encoding of Y for Q1 done
[ 2024-06-06 16:12:10,884 ] 64 root - INFO - Moving parameter for Q1 is [0,0]
[ 2024-06-06 16:12:10,884 ] 75 root - INFO - Scaling parameter for Q1 is [1,1]
[ 2024-06-06 16:12:10,885 ] 85 root - INFO - Data split for Q1 done
[ 2024-06-06 16:12:10,887 ] 97 root - INFO - Scaled data saved for Q1
[ 2024-06-06 16:12:10,887 ] 45 root - INFO - Data scaling completed for Q1
[ 2024-06-06 16:12:10,887 ] 47 root - INFO - Fetched Scaling parameter for Q1
[ 2024-06-06 16:12:10,887 ] 51 root - INFO - Model training started for Q1
[ 2024-06-06 16:12:10,905 ] 60 root - INFO - Training in progress......
[ 2024-06-06 16:12:13,872 ] 75 root - INFO - Training completed for Q1.
[ 2024-06-06 16:12:13,872 ] 76 root - INFO - Model saved at ./data/Q1/model.keras
[ 2024-06-06 16:12:13,872 ] 84 root - INFO - Evaluating model...
[ 2024-06-06 16:12:13,924 ] 100 root - INFO - Confusion Matrix:
[[3 0 0]
 [0 1 0]
 [2 0 0]]
[ 2024-06-06 16:12:13,925 ] 101 root - INFO - Model evaluation completed for Q1.
[ 2024-06-06 16:12:13,925 ] 55 root - INFO - Model conversion started for Q1
[ 2024-06-06 16:12:13,937 ] 20 root - INFO - Model loaded from ./data/Q1/model.keras
[ 2024-06-06 16:12:13,938 ] 43 root - INFO - Model converted for Q1
[ 2024-06-06 16:12:13,938 ] 58 root - INFO - Parameter loaded for Q1
[ 2024-06-06 16:12:13,938 ] 37 root - INFO - ********Starting the training for Q2*************
[ 2024-06-06 16:12:13,938 ] 38 root - INFO - Data Ingestion started for Q2
[ 2024-06-06 16:12:13,938 ] 49 root - INFO - Q2 data changed to two dimension
[ 2024-06-06 16:12:13,938 ] 67 root - INFO - Q2 data saved
[ 2024-06-06 16:12:13,938 ] 40 root - INFO - Data Ingestion completed for Q2
[ 2024-06-06 16:12:13,939 ] 43 root - INFO - Data scaling started for Q2
[ 2024-06-06 16:12:13,939 ] 39 root - INFO - Data loaded for Q2
[ 2024-06-06 16:12:13,939 ] 54 root - INFO - One-Hot encoding of Y for Q2 done
[ 2024-06-06 16:12:13,940 ] 64 root - INFO - Moving parameter for Q2 is [0,0]
[ 2024-06-06 16:12:13,940 ] 75 root - INFO - Scaling parameter for Q2 is [1,1]
[ 2024-06-06 16:12:13,940 ] 85 root - INFO - Data split for Q2 done
[ 2024-06-06 16:12:13,941 ] 97 root - INFO - Scaled data saved for Q2
[ 2024-06-06 16:12:13,941 ] 45 root - INFO - Data scaling completed for Q2
[ 2024-06-06 16:12:13,941 ] 47 root - INFO - Fetched Scaling parameter for Q2
[ 2024-06-06 16:12:13,941 ] 51 root - INFO - Model training started for Q2
[ 2024-06-06 16:12:14,041 ] 60 root - INFO - Training in progress......
[ 2024-06-06 16:12:17,004 ] 75 root - INFO - Training completed for Q2.
[ 2024-06-06 16:12:17,004 ] 76 root - INFO - Model saved at ./data/Q2/model.keras
[ 2024-06-06 16:12:17,004 ] 84 root - INFO - Evaluating model...
[ 2024-06-06 16:12:17,057 ] 100 root - INFO - Confusion Matrix:
[[1 2 0]
 [0 1 0]
 [0 2 0]]
[ 2024-06-06 16:12:17,057 ] 101 root - INFO - Model evaluation completed for Q2.
[ 2024-06-06 16:12:17,057 ] 55 root - INFO - Model conversion started for Q2
[ 2024-06-06 16:12:17,069 ] 20 root - INFO - Model loaded from ./data/Q2/model.keras
[ 2024-06-06 16:12:17,069 ] 43 root - INFO - Model converted for Q2
[ 2024-06-06 16:12:17,070 ] 58 root - INFO - Parameter loaded for Q2
[ 2024-06-06 16:12:17,070 ] 37 root - INFO - ********Starting the training for Q3*************
[ 2024-06-06 16:12:17,070 ] 38 root - INFO - Data Ingestion started for Q3
[ 2024-06-06 16:12:17,070 ] 49 root - INFO - Q3 data changed to two dimension
[ 2024-06-06 16:12:17,070 ] 67 root - INFO - Q3 data saved
[ 2024-06-06 16:12:17,070 ] 40 root - INFO - Data Ingestion completed for Q3
[ 2024-06-06 16:12:17,070 ] 43 root - INFO - Data scaling started for Q3
[ 2024-06-06 16:12:17,070 ] 39 root - INFO - Data loaded for Q3
[ 2024-06-06 16:12:17,071 ] 53 root - INFO - Y has only 2 classes, adding extra dimension.....
[ 2024-06-06 16:12:17,071 ] 54 root - INFO - One-Hot encoding of Y for Q3 done
[ 2024-06-06 16:12:17,071 ] 64 root - INFO - Moving parameter for Q3 is [0,0]
[ 2024-06-06 16:12:17,071 ] 75 root - INFO - Scaling parameter for Q3 is [2,1]
[ 2024-06-06 16:12:17,071 ] 85 root - INFO - Data split for Q3 done
[ 2024-06-06 16:12:17,072 ] 97 root - INFO - Scaled data saved for Q3
[ 2024-06-06 16:12:17,072 ] 45 root - INFO - Data scaling completed for Q3
[ 2024-06-06 16:12:17,072 ] 47 root - INFO - Fetched Scaling parameter for Q3
[ 2024-06-06 16:12:17,072 ] 51 root - INFO - Model training started for Q3
[ 2024-06-06 16:12:17,080 ] 60 root - INFO - Training in progress......
[ 2024-06-06 16:12:20,163 ] 75 root - INFO - Training completed for Q3.
[ 2024-06-06 16:12:20,163 ] 76 root - INFO - Model saved at ./data/Q3/model.keras
[ 2024-06-06 16:12:20,164 ] 84 root - INFO - Evaluating model...
[ 2024-06-06 16:12:20,218 ] 157 tensorflow - WARNING - 5 out of the last 1829 calls to <function TensorFlowTrainer.make_predict_function.<locals>.one_step_on_data_distributed at 0x7f7b980e1fc0> triggered tf.function retracing. Tracing is expensive and the excessive number of tracings could be due to (1) creating @tf.function repeatedly in a loop, (2) passing tensors with different shapes, (3) passing Python objects instead of tensors. For (1), please define your @tf.function outside of the loop. For (2), @tf.function has reduce_retracing=True option that can avoid unnecessary retracing. For (3), please refer to https://www.tensorflow.org/guide/function#controlling_retracing and https://www.tensorflow.org/api_docs/python/tf/function for  more details.
[ 2024-06-06 16:12:20,222 ] 100 root - INFO - Confusion Matrix:
[[0 3]
 [0 3]]
[ 2024-06-06 16:12:20,222 ] 101 root - INFO - Model evaluation completed for Q3.
[ 2024-06-06 16:12:20,222 ] 55 root - INFO - Model conversion started for Q3
[ 2024-06-06 16:12:20,232 ] 20 root - INFO - Model loaded from ./data/Q3/model.keras
[ 2024-06-06 16:12:20,232 ] 43 root - INFO - Model converted for Q3
[ 2024-06-06 16:12:20,233 ] 58 root - INFO - Parameter loaded for Q3
[ 2024-06-06 16:13:00,733 ] 37 root - INFO - ********Starting the training for Q1*************
[ 2024-06-06 16:13:00,733 ] 38 root - INFO - Data Ingestion started for Q1
[ 2024-06-06 16:13:00,735 ] 49 root - INFO - Q1 data changed to two dimension
[ 2024-06-06 16:13:00,743 ] 67 root - INFO - Q1 data saved
[ 2024-06-06 16:13:00,743 ] 40 root - INFO - Data Ingestion completed for Q1
[ 2024-06-06 16:13:00,743 ] 43 root - INFO - Data scaling started for Q1
[ 2024-06-06 16:13:00,744 ] 39 root - INFO - Data loaded for Q1
[ 2024-06-06 16:13:00,755 ] 54 root - INFO - One-Hot encoding of Y for Q1 done
[ 2024-06-06 16:13:00,758 ] 64 root - INFO - Moving parameter for Q1 is [98638,186070]
[ 2024-06-06 16:13:00,759 ] 75 root - INFO - Scaling parameter for Q1 is [22,22]
[ 2024-06-06 16:13:00,775 ] 85 root - INFO - Data split for Q1 done
[ 2024-06-06 16:13:00,780 ] 97 root - INFO - Scaled data saved for Q1
[ 2024-06-06 16:13:00,780 ] 45 root - INFO - Data scaling completed for Q1
[ 2024-06-06 16:13:00,780 ] 47 root - INFO - Fetched Scaling parameter for Q1
[ 2024-06-06 16:13:00,780 ] 51 root - INFO - Model training started for Q1
[ 2024-06-06 16:13:00,798 ] 60 root - INFO - Training in progress......
[ 2024-06-06 16:13:20,196 ] 75 root - INFO - Training completed for Q1.
[ 2024-06-06 16:13:20,196 ] 76 root - INFO - Model saved at ./data/Q1/model.keras
[ 2024-06-06 16:13:20,196 ] 84 root - INFO - Evaluating model...
[ 2024-06-06 16:13:20,252 ] 157 tensorflow - WARNING - 6 out of the last 1830 calls to <function TensorFlowTrainer.make_predict_function.<locals>.one_step_on_data_distributed at 0x7f7b8019c430> triggered tf.function retracing. Tracing is expensive and the excessive number of tracings could be due to (1) creating @tf.function repeatedly in a loop, (2) passing tensors with different shapes, (3) passing Python objects instead of tensors. For (1), please define your @tf.function outside of the loop. For (2), @tf.function has reduce_retracing=True option that can avoid unnecessary retracing. For (3), please refer to https://www.tensorflow.org/guide/function#controlling_retracing and https://www.tensorflow.org/api_docs/python/tf/function for  more details.
[ 2024-06-06 16:13:21,350 ] 100 root - INFO - Confusion Matrix:
[[19654    69    67]
 [  760 18318   155]
 [  380   558 18447]]
[ 2024-06-06 16:13:21,350 ] 101 root - INFO - Model evaluation completed for Q1.
[ 2024-06-06 16:13:21,350 ] 55 root - INFO - Model conversion started for Q1
[ 2024-06-06 16:13:21,365 ] 20 root - INFO - Model loaded from ./data/Q1/model.keras
[ 2024-06-06 16:13:21,365 ] 43 root - INFO - Model converted for Q1
[ 2024-06-06 16:13:21,365 ] 58 root - INFO - Parameter loaded for Q1
[ 2024-06-06 16:36:07,165 ] 37 root - INFO - ********Starting the training for Q1*************
[ 2024-06-06 16:36:07,165 ] 38 root - INFO - Data Ingestion started for Q1
[ 2024-06-06 16:36:07,167 ] 49 root - INFO - Q1 data changed to two dimension
[ 2024-06-06 16:36:07,177 ] 67 root - INFO - Q1 data saved
[ 2024-06-06 16:36:07,177 ] 40 root - INFO - Data Ingestion completed for Q1
[ 2024-06-06 16:36:07,177 ] 43 root - INFO - Data scaling started for Q1
[ 2024-06-06 16:36:07,178 ] 39 root - INFO - Data loaded for Q1
[ 2024-06-06 16:36:07,185 ] 54 root - INFO - One-Hot encoding of Y for Q1 done
[ 2024-06-06 16:36:07,187 ] 64 root - INFO - Moving parameter for Q1 is [98638,186070]
[ 2024-06-06 16:36:07,188 ] 75 root - INFO - Scaling parameter for Q1 is [22,22]
[ 2024-06-06 16:36:07,197 ] 85 root - INFO - Data split for Q1 done
[ 2024-06-06 16:36:07,202 ] 97 root - INFO - Scaled data saved for Q1
[ 2024-06-06 16:36:07,202 ] 45 root - INFO - Data scaling completed for Q1
[ 2024-06-06 16:36:07,202 ] 47 root - INFO - Fetched Scaling parameter for Q1
[ 2024-06-06 16:36:07,202 ] 51 root - INFO - Model training started for Q1
[ 2024-06-06 16:36:07,212 ] 60 root - INFO - Training in progress......
[ 2024-06-06 16:36:29,767 ] 75 root - INFO - Training completed for Q1.
[ 2024-06-06 16:36:29,767 ] 76 root - INFO - Model saved at ./data/Q1/model.keras
[ 2024-06-06 16:36:29,767 ] 84 root - INFO - Evaluating model...
[ 2024-06-06 16:36:31,020 ] 100 root - INFO - Confusion Matrix:
[[19688    73    29]
 [  760 18303   170]
 [  380   534 18471]]
[ 2024-06-06 16:36:31,020 ] 101 root - INFO - Model evaluation completed for Q1.
[ 2024-06-06 16:36:31,020 ] 55 root - INFO - Model conversion started for Q1
[ 2024-06-06 16:36:31,030 ] 20 root - INFO - Model loaded from ./data/Q1/model.keras
[ 2024-06-06 16:36:31,031 ] 43 root - INFO - Model converted for Q1
[ 2024-06-06 16:36:31,031 ] 58 root - INFO - Parameter loaded for Q1
